2018/09/25 17:42:53 [I] [main.go:71] 222 
2018/09/25 17:42:53 [E] [main.go:55] SETUP GOENV && GOAPP FIRST 
2018/09/25 17:43:04 [I] [main.go:71] 222 
2018/09/25 17:43:04 [E] [main.go:55] SETUP GOENV && GOAPP FIRST 
2018/09/25 17:43:33 [I] [main.go:71] 222 
2018/09/25 17:43:33 [I] [asm_amd64.s:2337] http server Running on http://:8080
2018/09/25 17:43:34 [D] [main.go:75] checking dir storage 
2018/09/25 17:43:34 [D] [main.go:81] <nil> 
2018/09/25 17:43:34 [I] [base.go:147] [*] gRPC Server Ready :58080 
2018/09/25 17:43:49 [I] [asm_amd64.s:2337] http server Running on http://:8080
2018/09/25 17:43:50 [D] [main.go:73] checking dir storage 
2018/09/25 17:43:50 [D] [main.go:79] <nil> 
2018/09/25 17:43:50 [I] [base.go:147] [*] gRPC Server Ready :58080 
2018/09/25 17:45:37 [I] [asm_amd64.s:2337] http server Running on http://:8080
2018/09/25 17:45:38 [D] [main.go:72] checking dir storage 
2018/09/25 17:45:38 [D] [main.go:78] <nil> 
2018/09/25 17:45:38 [I] [base.go:124] [*] gRPC Server Ready :58080 
2018/09/25 17:54:40 [I] [asm_amd64.s:2337] http server Running on http://:8080
2018/09/25 17:54:41 [D] [main.go:72] checking dir storage 
2018/09/25 17:54:41 [D] [main.go:78] <nil> 
2018/09/25 17:54:41 [I] [base.go:124] [*] gRPC Server Ready :58080 
2018/09/25 17:55:10 [I] [asm_amd64.s:2337] http server Running on http://:8080
2018/09/25 17:55:11 [D] [main.go:72] checking dir storage 
2018/09/25 17:55:11 [D] [main.go:78] <nil> 
2018/09/25 17:55:11 [I] [base.go:124] [*] gRPC Server Ready :58080 
2018/09/25 17:55:12 [I] [asm_amd64.s:2337] http server Running on http://:8080
2018/09/25 17:55:13 [D] [main.go:72] checking dir storage 
2018/09/25 17:55:13 [D] [main.go:78] <nil> 
2018/09/25 17:55:13 [I] [base.go:124] [*] gRPC Server Ready :58080 
2018/09/25 17:55:23 [I] [asm_amd64.s:2337] http server Running on http://:8080
2018/09/25 17:55:24 [D] [main.go:72] checking dir storage 
2018/09/25 17:55:24 [D] [main.go:78] <nil> 
2018/09/25 17:55:24 [I] [base.go:124] [*] gRPC Server Ready :58080 
2018/09/25 17:55:27 [I] [asm_amd64.s:2337] http server Running on http://:8080
2018/09/25 17:55:28 [D] [main.go:72] checking dir storage 
2018/09/25 17:55:28 [D] [main.go:78] <nil> 
2018/09/25 17:55:28 [I] [base.go:124] [*] gRPC Server Ready :58080 
2018/09/25 17:55:43 [I] [asm_amd64.s:2337] http server Running on http://:8080
2018/09/25 17:55:44 [D] [main.go:72] checking dir storage 
2018/09/25 17:55:44 [D] [main.go:78] <nil> 
2018/09/25 17:55:44 [I] [base.go:124] [*] gRPC Server Ready :58080 
2018/09/25 17:55:51 [I] [asm_amd64.s:2337] http server Running on http://:8080
2018/09/25 17:55:52 [D] [main.go:72] checking dir storage 
2018/09/25 17:55:52 [D] [main.go:78] <nil> 
2018/09/25 17:55:52 [I] [base.go:124] [*] gRPC Server Ready :58080 
2018/09/25 17:57:21 [I] [asm_amd64.s:2337] http server Running on http://:8080
2018/09/25 17:57:22 [D] [main.go:72] checking dir storage 
2018/09/25 17:57:22 [D] [main.go:78] <nil> 
2018/09/25 17:57:22 [I] [base.go:124] [*] gRPC Server Ready :58080 
2018/09/25 17:57:32 [I] [asm_amd64.s:2337] http server Running on http://:8080
2018/09/25 17:57:33 [D] [main.go:72] checking dir storage 
2018/09/25 17:57:33 [D] [main.go:78] <nil> 
2018/09/25 17:57:33 [I] [base.go:124] [*] gRPC Server Ready :58080 
