2018/09/27 14:04:30.545 [I] [asm_amd64.s:2337]  http server Running on http://:8080
2018/09/27 14:04:31.542 [D] [main.go:72]  checking dir storage 
2018/09/27 14:04:31.542 [D] [main.go:78]  <nil> 
2018/09/27 14:04:31.542 [I] [base.go:121]  [*] gRPC Server Ready :58080 
2018/09/27 14:04:32.651 [I] [asm_amd64.s:2337]  http server Running on http://:8080
2018/09/27 14:04:33.646 [D] [main.go:72]  checking dir storage 
2018/09/27 14:04:33.646 [D] [main.go:78]  <nil> 
2018/09/27 14:04:33.646 [I] [base.go:121]  [*] gRPC Server Ready :58080 
2018/09/27 14:04:33.786 [I] [asm_amd64.s:2337]  http server Running on http://:8080
2018/09/27 14:04:34.782 [D] [main.go:72]  checking dir storage 
2018/09/27 14:04:34.783 [D] [main.go:78]  <nil> 
2018/09/27 14:04:34.783 [I] [base.go:121]  [*] gRPC Server Ready :58080 
2018/09/27 14:04:58.293 [I] [router.go:45]  Middleware 
2018/09/27 14:04:58.293 [D] [server.go:2619]  |      127.0.0.1|[43m 404 [0m|    102.293µs| nomatch|[46m POST    [0m /template/v1/success
2018/09/27 14:05:15.758 [I] [router.go:45]  Middleware 
2018/09/27 14:05:15.758 [W] [base.go:18]   strconv.ParseInt: parsing "null": invalid syntax 
2018/09/27 14:05:15.758 [D] [server.go:2619]  |      127.0.0.1|[43m 400 [0m|    466.184µs|   match|[46m POST    [0m /template/v1/test/success   r:/template/v1/test/success
2018/09/27 14:05:15.760 [I] [base.go:77]  RES_JOBID null RES_URL /template/v1/test/success RES_HEADER {"x-request-id":"","x-job-id":"null","datetime":"2018-09-27T14:05:15.758720485+07:00","content-type":"application/json","x-roundtrip":"1538031915758"} RES_BODY {"rsBody":null,"error":[{"errorCode":"E02000005","errorDesc":"id is Required"}]} 
2018/09/27 14:06:04.192 [I] [router.go:45]  Middleware 
2018/09/27 14:06:04.192 [W] [base.go:18]   strconv.ParseInt: parsing "null": invalid syntax 
2018/09/27 14:06:04.192 [D] [server.go:2619]  |      127.0.0.1|[42m 200 [0m|    259.929µs|   match|[46m POST    [0m /template/v1/test/success   r:/template/v1/test/success
2018/09/27 14:06:04.192 [I] [base.go:77]  RES_JOBID null RES_URL /template/v1/test/success RES_HEADER {"x-request-id":"","x-job-id":"null","datetime":"2018-09-27T14:06:04.192261296+07:00","content-type":"application/json","x-roundtrip":"1538031964192"} RES_BODY {"rsBody":{"id":1},"error":[]} 
2018/09/27 14:06:15.486 [I] [router.go:45]  Middleware 
2018/09/27 14:06:15.487 [W] [base.go:18]   strconv.ParseInt: parsing "null": invalid syntax 
2018/09/27 14:06:15.487 [D] [server.go:2619]  |      127.0.0.1|[43m 400 [0m|     383.01µs|   match|[46m POST    [0m /template/v1/test/success   r:/template/v1/test/success
2018/09/27 14:06:15.487 [I] [base.go:77]  RES_JOBID null RES_URL /template/v1/test/success RES_HEADER {"x-request-id":"","x-job-id":"null","datetime":"2018-09-27T14:06:15.48722941+07:00","content-type":"application/json","x-roundtrip":"1538031975487"} RES_BODY {"rsBody":null,"error":[{"errorCode":"E02000007","errorDesc":"Field id must be numeric only"}]} 
2018/09/27 14:06:19.479 [I] [router.go:45]  Middleware 
2018/09/27 14:06:19.480 [W] [base.go:18]   strconv.ParseInt: parsing "null": invalid syntax 
2018/09/27 14:06:19.480 [D] [server.go:2619]  |      127.0.0.1|[42m 200 [0m|    215.626µs|   match|[46m POST    [0m /template/v1/test/success   r:/template/v1/test/success
2018/09/27 14:06:19.480 [I] [base.go:77]  RES_JOBID null RES_URL /template/v1/test/success RES_HEADER {"x-request-id":"","x-job-id":"null","datetime":"2018-09-27T14:06:19.480003505+07:00","content-type":"application/json","x-roundtrip":"1538031979480"} RES_BODY {"rsBody":{"id":1},"error":[]} 
2018/09/27 14:06:57.096 [I] [asm_amd64.s:2337]  http server Running on http://:8080
2018/09/27 14:06:58.093 [D] [main.go:72]  checking dir storage 
2018/09/27 14:06:58.093 [D] [main.go:78]  <nil> 
2018/09/27 14:06:58.093 [I] [base.go:121]  [*] gRPC Server Ready :58080 
2018/09/27 14:07:00.197 [I] [asm_amd64.s:2337]  http server Running on http://:8080
2018/09/27 14:07:01.191 [D] [main.go:72]  checking dir storage 
2018/09/27 14:07:01.192 [D] [main.go:78]  <nil> 
2018/09/27 14:07:01.192 [I] [base.go:121]  [*] gRPC Server Ready :58080 
2018/09/27 14:07:03.937 [I] [router.go:45]  Middleware 
2018/09/27 14:07:03.937 [W] [base.go:18]   strconv.ParseInt: parsing "null": invalid syntax 
2018/09/27 14:07:03.938 [D] [server.go:2619]  |      127.0.0.1|[42m 200 [0m|    444.535µs|   match|[46m POST    [0m /template/v1/test/success   r:/template/v1/test/success
2018/09/27 14:07:03.938 [I] [base.go:77]  RES_JOBID null RES_URL /template/v1/test/success RES_HEADER {"x-request-id":"","x-job-id":"null","datetime":"2018-09-27T14:07:03.937937773+07:00","content-type":"application/json","x-roundtrip":"1538032023937"} RES_BODY {"rsBody":{"id":1},"error":[]} 
2018/09/27 14:07:04.305 [I] [router.go:45]  Middleware 
2018/09/27 14:07:04.305 [W] [base.go:18]   strconv.ParseInt: parsing "null": invalid syntax 
2018/09/27 14:07:04.305 [D] [server.go:2619]  |      127.0.0.1|[42m 200 [0m|    188.543µs|   match|[46m POST    [0m /template/v1/test/success   r:/template/v1/test/success
2018/09/27 14:07:04.305 [I] [base.go:77]  RES_JOBID null RES_URL /template/v1/test/success RES_HEADER {"x-request-id":"","x-job-id":"null","datetime":"2018-09-27T14:07:04.305215572+07:00","content-type":"application/json","x-roundtrip":"1538032024305"} RES_BODY {"rsBody":{"id":1},"error":[]} 
