2018/09/27 12:08:31.472 [I] [asm_amd64.s:2337]  http server Running on http://:8080
2018/09/27 12:08:32.468 [D] [main.go:72]  checking dir storage 
2018/09/27 12:08:32.468 [D] [main.go:78]  <nil> 
2018/09/27 12:08:32.469 [I] [base.go:121]  [*] gRPC Server Ready :58080 
2018/09/27 12:08:56.140 [I] [router.go:48]  Middleware 
2018/09/27 12:08:56.140 [D] [server.go:2619]  |      127.0.0.1|[43m 404 [0m|     68.033µs| nomatch|[44m GET     [0m /template/v1/test
2018/09/27 12:09:14.616 [I] [router.go:48]  Middleware 
2018/09/27 12:09:14.616 [D] [server.go:2619]  |      127.0.0.1|[43m 404 [0m|     35.456µs| nomatch|[44m GET     [0m /template/v1/test/success/4
2018/09/27 12:09:17.979 [I] [router.go:48]  Middleware 
2018/09/27 12:09:17.979 [D] [server.go:2619]  |      127.0.0.1|[43m 404 [0m|     33.078µs| nomatch|[44m GET     [0m /template/v1/test/success/67
2018/09/27 12:10:03.738 [I] [router.go:48]  Middleware 
2018/09/27 12:10:03.738 [D] [server.go:2619]  |      127.0.0.1|[43m 404 [0m|     33.674µs| nomatch|[44m GET     [0m /template/v1/test/success/
2018/09/27 12:10:06.679 [I] [router.go:48]  Middleware 
2018/09/27 12:10:06.679 [D] [server.go:2619]  |      127.0.0.1|[43m 404 [0m|     23.713µs| nomatch|[44m GET     [0m /template/v1/test/success/4321
2018/09/27 12:10:10.469 [I] [router.go:48]  Middleware 
2018/09/27 12:10:10.469 [D] [server.go:2619]  |      127.0.0.1|[43m 404 [0m|     24.733µs| nomatch|[44m GET     [0m /template/v1/test/success
2018/09/27 12:10:13.423 [I] [router.go:48]  Middleware 
2018/09/27 12:10:13.423 [D] [server.go:2619]  |      127.0.0.1|[43m 404 [0m|     31.351µs| nomatch|[44m GET     [0m /template/v1/test/success/341
2018/09/27 12:10:22.957 [I] [asm_amd64.s:2337]  http server Running on http://:8080
2018/09/27 12:10:23.954 [D] [main.go:72]  checking dir storage 
2018/09/27 12:10:23.954 [D] [main.go:78]  <nil> 
2018/09/27 12:10:23.955 [I] [base.go:121]  [*] gRPC Server Ready :58080 
2018/09/27 12:10:25.247 [I] [router.go:48]  Middleware 
2018/09/27 12:10:25.247 [D] [server.go:2619]  |      127.0.0.1|[43m 404 [0m|     91.112µs| nomatch|[44m GET     [0m /template/v1/test/success/341
2018/09/27 12:10:51.219 [I] [router.go:48]  Middleware 
2018/09/27 12:10:51.219 [D] [server.go:2619]  |      127.0.0.1|[43m 404 [0m|     88.559µs| nomatch|[46m POST    [0m /template/v1/test/success/341
2018/09/27 12:10:54.742 [I] [router.go:48]  Middleware 
2018/09/27 12:10:54.742 [D] [server.go:2619]  |      127.0.0.1|[43m 404 [0m|     67.747µs| nomatch|[46m POST    [0m /template/v1/test/success
2018/09/27 12:11:00.341 [I] [router.go:48]  Middleware 
2018/09/27 12:11:00.341 [D] [server.go:2619]  |      127.0.0.1|[43m 404 [0m|     38.799µs| nomatch|[44m GET     [0m /template/v1/test/success/431
2018/09/27 12:11:53.819 [I] [asm_amd64.s:2337]  http server Running on http://:8080
2018/09/27 12:11:54.815 [D] [main.go:72]  checking dir storage 
2018/09/27 12:11:54.815 [D] [main.go:78]  <nil> 
2018/09/27 12:11:54.815 [I] [base.go:121]  [*] gRPC Server Ready :58080 
2018/09/27 12:11:56.920 [I] [router.go:48]  Middleware 
2018/09/27 12:11:56.920 [D] [server.go:2619]  |      127.0.0.1|[43m 404 [0m|     43.736µs| nomatch|[44m GET     [0m /template/v1/test/success/431
2018/09/27 12:13:04.459 [I] [asm_amd64.s:2337]  http server Running on http://:8080
2018/09/27 12:13:05.455 [D] [main.go:72]  checking dir storage 
2018/09/27 12:13:05.456 [D] [main.go:78]  <nil> 
2018/09/27 12:13:05.456 [I] [base.go:121]  [*] gRPC Server Ready :58080 
2018/09/27 12:13:06.314 [I] [router.go:48]  Middleware 
2018/09/27 12:13:06.314 [D] [server.go:2619]  |      127.0.0.1|[43m 404 [0m|     53.385µs| nomatch|[44m GET     [0m /template/v1/test/success/431
2018/09/27 12:13:07.406 [I] [router.go:48]  Middleware 
2018/09/27 12:13:07.406 [D] [server.go:2619]  |      127.0.0.1|[43m 404 [0m|     29.325µs| nomatch|[44m GET     [0m /template/v1/test/success/431
2018/09/27 12:15:30.984 [I] [router.go:48]  Middleware 
2018/09/27 12:15:30.984 [D] [server.go:2619]  |      127.0.0.1|[43m 404 [0m|     27.744µs| nomatch|[44m GET     [0m /template/v1/success
2018/09/27 12:15:39.500 [I] [asm_amd64.s:2337]  http server Running on http://:8080
2018/09/27 12:15:40.495 [D] [main.go:72]  checking dir storage 
2018/09/27 12:15:40.495 [D] [main.go:78]  <nil> 
2018/09/27 12:15:40.496 [I] [base.go:121]  [*] gRPC Server Ready :58080 
2018/09/27 12:15:41.405 [I] [router.go:48]  Middleware 
2018/09/27 12:15:41.405 [D] [server.go:2619]  |      127.0.0.1|[43m 404 [0m|     56.866µs| nomatch|[44m GET     [0m /template/v1/success
2018/09/27 12:16:13.195 [I] [asm_amd64.s:2337]  http server Running on http://:8080
2018/09/27 12:16:14.191 [D] [main.go:72]  checking dir storage 
2018/09/27 12:16:14.191 [D] [main.go:78]  <nil> 
2018/09/27 12:16:14.191 [I] [base.go:121]  [*] gRPC Server Ready :58080 
2018/09/27 12:16:14.977 [I] [router.go:48]  Middleware 
2018/09/27 12:16:14.977 [D] [server.go:2619]  |      127.0.0.1|[43m 404 [0m|     44.353µs| nomatch|[44m GET     [0m /template/v1/success
2018/09/27 12:16:22.441 [I] [asm_amd64.s:2337]  http server Running on http://:8080
2018/09/27 12:16:23.437 [D] [main.go:72]  checking dir storage 
2018/09/27 12:16:23.437 [D] [main.go:78]  <nil> 
2018/09/27 12:16:23.437 [I] [base.go:121]  [*] gRPC Server Ready :58080 
2018/09/27 12:16:23.928 [I] [router.go:48]  Middleware 
2018/09/27 12:16:23.928 [D] [server.go:2619]  |      127.0.0.1|[43m 404 [0m|    250.978µs| nomatch|[44m GET     [0m /template/v1/success
2018/09/27 12:16:33.279 [I] [asm_amd64.s:2337]  http server Running on http://:8080
2018/09/27 12:16:34.275 [D] [main.go:72]  checking dir storage 
2018/09/27 12:16:34.275 [D] [main.go:78]  <nil> 
2018/09/27 12:16:34.275 [I] [base.go:121]  [*] gRPC Server Ready :58080 
2018/09/27 12:16:36.549 [I] [router.go:48]  Middleware 
2018/09/27 12:16:36.549 [D] [server.go:2619]  |      127.0.0.1|[43m 404 [0m|     51.971µs| nomatch|[44m GET     [0m /template/v1/success
2018/09/27 12:16:37.469 [I] [router.go:48]  Middleware 
2018/09/27 12:16:37.469 [D] [server.go:2619]  |      127.0.0.1|[43m 404 [0m|     34.545µs| nomatch|[44m GET     [0m /template/v1/success
2018/09/27 12:16:37.961 [I] [router.go:48]  Middleware 
2018/09/27 12:16:37.961 [D] [server.go:2619]  |      127.0.0.1|[43m 404 [0m|     38.734µs| nomatch|[44m GET     [0m /template/v1/success
2018/09/27 12:18:22.237 [I] [router.go:48]  Middleware 
2018/09/27 12:18:22.237 [D] [server.go:2619]  |      127.0.0.1|[43m 404 [0m|     22.403µs| nomatch|[44m GET     [0m /template/v1/success
2018/09/27 12:18:22.866 [I] [router.go:48]  Middleware 
2018/09/27 12:18:22.866 [D] [server.go:2619]  |      127.0.0.1|[43m 404 [0m|     28.144µs| nomatch|[44m GET     [0m /template/v1/success
2018/09/27 12:18:23.263 [I] [router.go:48]  Middleware 
2018/09/27 12:18:23.263 [D] [server.go:2619]  |      127.0.0.1|[43m 404 [0m|     45.306µs| nomatch|[44m GET     [0m /template/v1/success
2018/09/27 12:18:23.468 [I] [router.go:48]  Middleware 
2018/09/27 12:18:23.468 [D] [server.go:2619]  |      127.0.0.1|[43m 404 [0m|     33.036µs| nomatch|[44m GET     [0m /template/v1/success
2018/09/27 12:18:23.781 [I] [router.go:48]  Middleware 
2018/09/27 12:18:23.781 [D] [server.go:2619]  |      127.0.0.1|[43m 404 [0m|     34.097µs| nomatch|[44m GET     [0m /template/v1/success
2018/09/27 12:18:24.010 [I] [router.go:48]  Middleware 
2018/09/27 12:18:24.010 [D] [server.go:2619]  |      127.0.0.1|[43m 404 [0m|     37.852µs| nomatch|[44m GET     [0m /template/v1/success
2018/09/27 12:18:24.373 [I] [router.go:48]  Middleware 
2018/09/27 12:18:24.373 [D] [server.go:2619]  |      127.0.0.1|[43m 404 [0m|     30.129µs| nomatch|[44m GET     [0m /template/v1/success
2018/09/27 12:18:48.977 [I] [asm_amd64.s:2337]  http server Running on http://:8080
2018/09/27 12:18:49.972 [D] [main.go:72]  checking dir storage 
2018/09/27 12:18:49.972 [D] [main.go:78]  <nil> 
2018/09/27 12:18:49.972 [I] [base.go:121]  [*] gRPC Server Ready :58080 
2018/09/27 12:18:56.203 [I] [asm_amd64.s:2337]  http server Running on http://:8080
2018/09/27 12:18:57.200 [D] [main.go:72]  checking dir storage 
2018/09/27 12:18:57.201 [D] [main.go:78]  <nil> 
2018/09/27 12:18:57.201 [I] [base.go:121]  [*] gRPC Server Ready :58080 
2018/09/27 12:19:02.522 [I] [router.go:48]  Middleware 
2018/09/27 12:19:02.522 [D] [server.go:2619]  |      127.0.0.1|[43m 404 [0m|     52.293µs| nomatch|[44m GET     [0m /template/v1/test
2018/09/27 12:19:18.725 [I] [asm_amd64.s:2337]  http server Running on http://:8080
2018/09/27 12:19:19.721 [D] [main.go:72]  checking dir storage 
2018/09/27 12:19:19.721 [D] [main.go:78]  <nil> 
2018/09/27 12:19:19.722 [I] [base.go:121]  [*] gRPC Server Ready :58080 
2018/09/27 12:19:22.388 [I] [router.go:48]  Middleware 
2018/09/27 12:19:22.388 [D] [server.go:2619]  |      127.0.0.1|[43m 404 [0m|     67.578µs| nomatch|[44m GET     [0m /template/v1/test/1
2018/09/27 12:19:53.808 [I] [asm_amd64.s:2337]  http server Running on http://:8080
2018/09/27 12:19:54.805 [D] [main.go:72]  checking dir storage 
2018/09/27 12:19:54.805 [D] [main.go:78]  <nil> 
2018/09/27 12:19:54.805 [I] [base.go:121]  [*] gRPC Server Ready :58080 
2018/09/27 12:19:56.892 [I] [router.go:48]  Middleware 
2018/09/27 12:19:56.892 [D] [server.go:2619]  |      127.0.0.1|[43m 404 [0m|     53.032µs| nomatch|[44m GET     [0m /template/v1/test/success/1
2018/09/27 12:20:28.298 [I] [asm_amd64.s:2337]  http server Running on http://:8080
2018/09/27 12:20:29.295 [D] [main.go:72]  checking dir storage 
2018/09/27 12:20:29.295 [D] [main.go:78]  <nil> 
2018/09/27 12:20:29.296 [I] [base.go:121]  [*] gRPC Server Ready :58080 
2018/09/27 12:21:10.928 [I] [asm_amd64.s:2337]  http server Running on http://:8080
2018/09/27 12:21:11.925 [D] [main.go:72]  checking dir storage 
2018/09/27 12:21:11.925 [D] [main.go:78]  <nil> 
2018/09/27 12:21:11.925 [I] [base.go:121]  [*] gRPC Server Ready :58080 
2018/09/27 12:21:13.476 [I] [router.go:48]  Middleware 
2018/09/27 12:21:13.476 [D] [server.go:2619]  |      127.0.0.1|[43m 404 [0m|     46.959µs| nomatch|[44m GET     [0m /template/v1/test/1
2018/09/27 12:22:47.850 [I] [asm_amd64.s:2337]  http server Running on http://:8080
2018/09/27 12:22:48.847 [D] [main.go:72]  checking dir storage 
2018/09/27 12:22:48.847 [D] [main.go:78]  <nil> 
2018/09/27 12:22:48.848 [I] [base.go:121]  [*] gRPC Server Ready :58080 
2018/09/27 12:23:02.925 [I] [asm_amd64.s:2337]  http server Running on http://:8080
2018/09/27 12:23:03.916 [D] [main.go:72]  checking dir storage 
2018/09/27 12:23:03.917 [D] [main.go:78]  <nil> 
2018/09/27 12:23:03.917 [I] [base.go:121]  [*] gRPC Server Ready :58080 
2018/09/27 12:23:05.223 [I] [router.go:51]  Middleware 
2018/09/27 12:23:05.223 [D] [server.go:2619]  |      127.0.0.1|[43m 404 [0m|     52.126µs| nomatch|[44m GET     [0m /template/v1/test/1
2018/09/27 12:23:06.922 [I] [router.go:51]  Middleware 
2018/09/27 12:23:06.922 [W] [base.go:18]   strconv.ParseInt: parsing "null": invalid syntax 
2018/09/27 12:23:06.922 [D] [server.go:2619]  |      127.0.0.1|[42m 200 [0m|    182.547µs|   match|[44m GET     [0m /template/v1/test   r:/template/v1/test
2018/09/27 12:23:06.922 [I] [base.go:77]  RES_JOBID null RES_URL /template/v1/test RES_HEADER {"x-request-id":"","x-job-id":"null","datetime":"2018-09-27T12:23:06.922617693+07:00","content-type":"application/json","x-roundtrip":"1538025786922"} RES_BODY {"rsBody":"{\"data\":\"id\":\"\"}","error":[]} 
2018/09/27 12:23:56.308 [I] [asm_amd64.s:2337]  http server Running on http://:8080
2018/09/27 12:23:57.305 [D] [main.go:72]  checking dir storage 
2018/09/27 12:23:57.305 [D] [main.go:78]  <nil> 
2018/09/27 12:23:57.305 [I] [base.go:121]  [*] gRPC Server Ready :58080 
2018/09/27 12:24:05.185 [I] [asm_amd64.s:2337]  http server Running on http://:8080
2018/09/27 12:24:06.182 [D] [main.go:72]  checking dir storage 
2018/09/27 12:24:06.182 [D] [main.go:78]  <nil> 
2018/09/27 12:24:06.182 [I] [base.go:121]  [*] gRPC Server Ready :58080 
2018/09/27 12:24:41.481 [I] [asm_amd64.s:2337]  http server Running on http://:8080
2018/09/27 12:24:42.479 [D] [main.go:72]  checking dir storage 
2018/09/27 12:24:42.479 [D] [main.go:78]  <nil> 
2018/09/27 12:24:42.479 [I] [base.go:121]  [*] gRPC Server Ready :58080 
2018/09/27 12:24:43.709 [I] [router.go:53]  Middleware 
2018/09/27 12:24:43.709 [D] [server.go:2619]  |      127.0.0.1|[43m 404 [0m|     54.397µs| nomatch|[44m GET     [0m /template/v1/test
2018/09/27 12:24:54.318 [I] [router.go:53]  Middleware 
2018/09/27 12:24:54.318 [D] [server.go:2619]  |      127.0.0.1|[43m 404 [0m|     36.022µs| nomatch|[44m GET     [0m /template/v1/test
2018/09/27 12:25:04.625 [I] [asm_amd64.s:2337]  http server Running on http://:8080
2018/09/27 12:25:05.622 [D] [main.go:72]  checking dir storage 
2018/09/27 12:25:05.622 [D] [main.go:78]  <nil> 
2018/09/27 12:25:05.623 [I] [base.go:121]  [*] gRPC Server Ready :58080 
2018/09/27 12:25:28.088 [I] [asm_amd64.s:2337]  http server Running on http://:8080
2018/09/27 12:25:29.085 [D] [main.go:72]  checking dir storage 
2018/09/27 12:25:29.085 [D] [main.go:78]  <nil> 
2018/09/27 12:25:29.086 [I] [base.go:121]  [*] gRPC Server Ready :58080 
2018/09/27 12:25:30.175 [I] [router.go:53]  Middleware 
2018/09/27 12:25:30.175 [W] [base.go:18]   strconv.ParseInt: parsing "null": invalid syntax 
2018/09/27 12:25:30.175 [D] [server.go:2619]  |      127.0.0.1|[42m 200 [0m|    282.623µs|   match|[44m GET     [0m /template/v1/test   r:/template/v1/test/
2018/09/27 12:25:30.175 [I] [base.go:77]  RES_JOBID null RES_URL /template/v1/test RES_HEADER {"x-request-id":"","x-job-id":"null","datetime":"2018-09-27T12:25:30.175546092+07:00","content-type":"application/json","x-roundtrip":"1538025930175"} RES_BODY {"rsBody":"{\"data\":\"id\":\"\"}","error":[]} 
2018/09/27 12:26:03.658 [I] [asm_amd64.s:2337]  http server Running on http://:8080
2018/09/27 12:26:04.653 [D] [main.go:72]  checking dir storage 
2018/09/27 12:26:04.653 [D] [main.go:78]  <nil> 
2018/09/27 12:26:04.653 [I] [base.go:121]  [*] gRPC Server Ready :58080 
2018/09/27 12:26:12.239 [I] [asm_amd64.s:2337]  http server Running on http://:8080
2018/09/27 12:26:13.236 [D] [main.go:72]  checking dir storage 
2018/09/27 12:26:13.236 [D] [main.go:78]  <nil> 
2018/09/27 12:26:13.236 [I] [base.go:121]  [*] gRPC Server Ready :58080 
2018/09/27 12:26:19.135 [I] [asm_amd64.s:2337]  http server Running on http://:8080
2018/09/27 12:26:20.131 [D] [main.go:72]  checking dir storage 
2018/09/27 12:26:20.131 [D] [main.go:78]  <nil> 
2018/09/27 12:26:20.131 [I] [base.go:121]  [*] gRPC Server Ready :58080 
2018/09/27 12:28:01.236 [I] [asm_amd64.s:2337]  http server Running on http://:8080
2018/09/27 12:28:02.233 [D] [main.go:72]  checking dir storage 
2018/09/27 12:28:02.233 [D] [main.go:78]  <nil> 
2018/09/27 12:28:02.234 [I] [base.go:121]  [*] gRPC Server Ready :58080 
2018/09/27 12:29:02.447 [I] [asm_amd64.s:2337]  http server Running on http://:8080
2018/09/27 12:29:03.444 [D] [main.go:72]  checking dir storage 
2018/09/27 12:29:03.444 [D] [main.go:78]  <nil> 
2018/09/27 12:29:03.445 [I] [base.go:121]  [*] gRPC Server Ready :58080 
2018/09/27 12:29:05.551 [I] [asm_amd64.s:2337]  http server Running on http://:8080
2018/09/27 12:29:06.547 [D] [main.go:72]  checking dir storage 
2018/09/27 12:29:06.547 [D] [main.go:78]  <nil> 
2018/09/27 12:29:06.547 [I] [base.go:121]  [*] gRPC Server Ready :58080 
2018/09/27 12:29:17.467 [I] [router.go:45]  Middleware 
2018/09/27 12:29:17.467 [D] [server.go:2619]  |      127.0.0.1|[43m 404 [0m|     54.117µs| nomatch|[44m GET     [0m /template/v1/test/success/4
2018/09/27 12:29:18.695 [I] [router.go:45]  Middleware 
2018/09/27 12:29:18.695 [D] [server.go:2619]  |      127.0.0.1|[43m 404 [0m|     45.178µs| nomatch|[44m GET     [0m /template/v1/test/success/4
2018/09/27 12:29:19.224 [I] [router.go:45]  Middleware 
2018/09/27 12:29:19.224 [D] [server.go:2619]  |      127.0.0.1|[43m 404 [0m|     25.533µs| nomatch|[44m GET     [0m /template/v1/test/success/4
2018/09/27 12:29:19.424 [I] [router.go:45]  Middleware 
2018/09/27 12:29:19.424 [D] [server.go:2619]  |      127.0.0.1|[43m 404 [0m|     32.642µs| nomatch|[44m GET     [0m /template/v1/test/success/4
2018/09/27 12:29:19.643 [I] [router.go:45]  Middleware 
2018/09/27 12:29:19.643 [D] [server.go:2619]  |      127.0.0.1|[43m 404 [0m|     29.233µs| nomatch|[44m GET     [0m /template/v1/test/success/4
2018/09/27 12:29:19.944 [I] [router.go:45]  Middleware 
2018/09/27 12:29:19.944 [D] [server.go:2619]  |      127.0.0.1|[43m 404 [0m|     33.576µs| nomatch|[44m GET     [0m /template/v1/test/success/4
2018/09/27 12:29:42.648 [I] [router.go:45]  Middleware 
2018/09/27 12:29:42.648 [D] [server.go:2619]  |      127.0.0.1|[43m 404 [0m|     32.434µs| nomatch|[44m GET     [0m /template/v1/test/success/4
2018/09/27 12:29:44.019 [I] [router.go:45]  Middleware 
2018/09/27 12:29:44.019 [D] [server.go:2619]  |      127.0.0.1|[43m 404 [0m|     34.411µs| nomatch|[44m GET     [0m /template/v1/test/success/4
2018/09/27 12:29:44.586 [I] [router.go:45]  Middleware 
2018/09/27 12:29:44.586 [D] [server.go:2619]  |      127.0.0.1|[43m 404 [0m|       35.4µs| nomatch|[44m GET     [0m /template/v1/test/success/4
2018/09/27 12:29:44.971 [I] [router.go:45]  Middleware 
2018/09/27 12:29:44.971 [D] [server.go:2619]  |      127.0.0.1|[43m 404 [0m|     39.234µs| nomatch|[44m GET     [0m /template/v1/test/success/4
2018/09/27 12:29:45.034 [I] [asm_amd64.s:2337]  http server Running on http://:8080
2018/09/27 12:29:45.217 [I] [router.go:45]  Middleware 
2018/09/27 12:29:45.218 [W] [base.go:18]   strconv.ParseInt: parsing "null": invalid syntax 
2018/09/27 12:29:45.218 [D] [server.go:2619]  |      127.0.0.1|[42m 200 [0m|    239.089µs|   match|[44m GET     [0m /template/v1/test/success/4   r:/template/v1/test/success/:id
2018/09/27 12:29:45.218 [I] [base.go:77]  RES_JOBID null RES_URL /template/v1/test/success/4 RES_HEADER {"x-request-id":"","x-job-id":"null","datetime":"2018-09-27T12:29:45.218017069+07:00","content-type":"application/json","x-roundtrip":"1538026185218"} RES_BODY {"rsBody":"{\"data\":\"id\":\"4\"}","error":[]} 
2018/09/27 12:29:45.531 [I] [router.go:45]  Middleware 
2018/09/27 12:29:45.531 [W] [base.go:18]   strconv.ParseInt: parsing "null": invalid syntax 
2018/09/27 12:29:45.531 [D] [server.go:2619]  |      127.0.0.1|[42m 200 [0m|    143.992µs|   match|[44m GET     [0m /template/v1/test/success/4   r:/template/v1/test/success/:id
2018/09/27 12:29:45.531 [I] [base.go:77]  RES_JOBID null RES_URL /template/v1/test/success/4 RES_HEADER {"x-request-id":"","x-job-id":"null","datetime":"2018-09-27T12:29:45.531145044+07:00","content-type":"application/json","x-roundtrip":"1538026185531"} RES_BODY {"rsBody":"{\"data\":\"id\":\"4\"}","error":[]} 
2018/09/27 12:29:46.029 [D] [main.go:72]  checking dir storage 
2018/09/27 12:29:46.030 [D] [main.go:78]  <nil> 
2018/09/27 12:29:46.030 [I] [base.go:121]  [*] gRPC Server Ready :58080 
2018/09/27 12:29:48.231 [I] [asm_amd64.s:2337]  http server Running on http://:8080
2018/09/27 12:29:49.228 [D] [main.go:72]  checking dir storage 
2018/09/27 12:29:49.228 [D] [main.go:78]  <nil> 
2018/09/27 12:29:49.229 [I] [base.go:121]  [*] gRPC Server Ready :58080 
2018/09/27 12:30:48.119 [I] [asm_amd64.s:2337]  http server Running on http://:8080
2018/09/27 12:30:49.116 [D] [main.go:72]  checking dir storage 
2018/09/27 12:30:49.116 [D] [main.go:78]  <nil> 
2018/09/27 12:30:49.116 [I] [base.go:121]  [*] gRPC Server Ready :58080 
2018/09/27 12:31:01.953 [I] [asm_amd64.s:2337]  http server Running on http://:8080
2018/09/27 12:31:02.949 [D] [main.go:72]  checking dir storage 
2018/09/27 12:31:02.949 [D] [main.go:78]  <nil> 
2018/09/27 12:31:02.949 [I] [base.go:121]  [*] gRPC Server Ready :58080 
2018/09/27 12:31:15.438 [I] [asm_amd64.s:2337]  http server Running on http://:8080
2018/09/27 12:31:16.435 [D] [main.go:72]  checking dir storage 
2018/09/27 12:31:16.435 [D] [main.go:78]  <nil> 
2018/09/27 12:31:16.436 [I] [base.go:121]  [*] gRPC Server Ready :58080 
2018/09/27 12:32:03.701 [I] [asm_amd64.s:2337]  http server Running on http://:8080
2018/09/27 12:44:35.557 [I] [asm_amd64.s:2337]  http server Running on http://:8080
2018/09/27 12:44:36.554 [D] [main.go:72]  checking dir storage 
2018/09/27 12:44:36.554 [D] [main.go:78]  <nil> 
2018/09/27 12:44:36.554 [I] [base.go:121]  [*] gRPC Server Ready :58080 
2018/09/27 12:45:50.385 [I] [asm_amd64.s:2337]  http server Running on http://:8080
2018/09/27 12:45:51.379 [D] [main.go:72]  checking dir storage 
2018/09/27 12:45:51.379 [D] [main.go:78]  <nil> 
2018/09/27 12:45:51.380 [I] [base.go:121]  [*] gRPC Server Ready :58080 
2018/09/27 12:46:13.288 [I] [asm_amd64.s:2337]  http server Running on http://:8080
2018/09/27 12:46:14.284 [D] [main.go:72]  checking dir storage 
2018/09/27 12:46:14.284 [D] [main.go:78]  <nil> 
2018/09/27 12:46:14.285 [I] [base.go:121]  [*] gRPC Server Ready :58080 
2018/09/27 12:46:16.334 [I] [asm_amd64.s:2337]  http server Running on http://:8080
2018/09/27 12:46:17.330 [D] [main.go:72]  checking dir storage 
2018/09/27 12:46:17.330 [D] [main.go:78]  <nil> 
2018/09/27 12:46:17.330 [I] [base.go:121]  [*] gRPC Server Ready :58080 
2018/09/27 12:46:23.370 [I] [router.go:45]  Middleware 
2018/09/27 12:46:23.370 [W] [base.go:18]   strconv.ParseInt: parsing "null": invalid syntax 
2018/09/27 12:46:23.370 [D] [server.go:2619]  |      127.0.0.1|[42m 200 [0m|    210.013µs|   match|[44m GET     [0m /template/v1/test/success/4   r:/template/v1/test/success/:id
2018/09/27 12:46:23.370 [I] [base.go:77]  RES_JOBID null RES_URL /template/v1/test/success/4 RES_HEADER {"x-request-id":"","x-job-id":"null","datetime":"2018-09-27T12:46:23.370429114+07:00","content-type":"application/json","x-roundtrip":"1538027183370"} RES_BODY {"rsBody":"{\"data\":\"id\":\"4\"}","error":[]} 
2018/09/27 12:46:23.958 [I] [router.go:45]  Middleware 
2018/09/27 12:46:23.958 [W] [base.go:18]   strconv.ParseInt: parsing "null": invalid syntax 
2018/09/27 12:46:23.958 [D] [server.go:2619]  |      127.0.0.1|[42m 200 [0m|    104.647µs|   match|[44m GET     [0m /template/v1/test/success/4   r:/template/v1/test/success/:id
2018/09/27 12:46:23.958 [I] [base.go:77]  RES_JOBID null RES_URL /template/v1/test/success/4 RES_HEADER {"x-request-id":"","x-job-id":"null","datetime":"2018-09-27T12:46:23.958405629+07:00","content-type":"application/json","x-roundtrip":"1538027183958"} RES_BODY {"rsBody":"{\"data\":\"id\":\"4\"}","error":[]} 
2018/09/27 12:46:30.028 [I] [asm_amd64.s:2337]  http server Running on http://:8080
2018/09/27 12:46:31.025 [D] [main.go:72]  checking dir storage 
2018/09/27 12:46:31.025 [D] [main.go:78]  <nil> 
2018/09/27 12:46:31.025 [I] [base.go:121]  [*] gRPC Server Ready :58080 
2018/09/27 12:46:33.897 [I] [asm_amd64.s:2337]  http server Running on http://:8080
2018/09/27 12:46:34.894 [D] [main.go:72]  checking dir storage 
2018/09/27 12:46:34.894 [D] [main.go:78]  <nil> 
2018/09/27 12:46:34.895 [I] [base.go:121]  [*] gRPC Server Ready :58080 
2018/09/27 12:46:36.310 [I] [router.go:45]  Middleware 
2018/09/27 12:46:36.310 [D] [server.go:2619]  |      127.0.0.1|[43m 404 [0m|     51.898µs| nomatch|[44m GET     [0m /template/v1/test/success/4
2018/09/27 12:46:38.197 [I] [router.go:45]  Middleware 
2018/09/27 12:46:38.197 [W] [base.go:18]   strconv.ParseInt: parsing "null": invalid syntax 
2018/09/27 12:46:38.197 [D] [server.go:2619]  |      127.0.0.1|[42m 200 [0m|    208.403µs|   match|[44m GET     [0m /template/v1/testa/success/4   r:/template/v1/testa/success/:id
2018/09/27 12:46:38.197 [I] [base.go:77]  RES_JOBID null RES_URL /template/v1/testa/success/4 RES_HEADER {"x-request-id":"","x-job-id":"null","datetime":"2018-09-27T12:46:38.197159914+07:00","content-type":"application/json","x-roundtrip":"1538027198197"} RES_BODY {"rsBody":"{\"data\":\"id\":\"4\"}","error":[]} 
2018/09/27 12:46:45.467 [I] [asm_amd64.s:2337]  http server Running on http://:8080
2018/09/27 12:46:46.464 [D] [main.go:72]  checking dir storage 
2018/09/27 12:46:46.464 [D] [main.go:78]  <nil> 
2018/09/27 12:46:46.464 [I] [base.go:121]  [*] gRPC Server Ready :58080 
