2018/09/25 18:11:13.659 [I] [asm_amd64.s:2337]  http server Running on http://:8080
2018/09/25 18:11:14.656 [D] [main.go:71]  checking dir storage 
2018/09/25 18:11:14.656 [D] [main.go:77]  <nil> 
2018/09/25 18:25:16.821 [I] [asm_amd64.s:2337]  http server Running on http://:8080
2018/09/25 18:25:17.818 [D] [main.go:72]  checking dir storage 
2018/09/25 18:25:17.818 [D] [main.go:78]  <nil> 
2018/09/25 18:25:17.820 [I] [base.go:125]  [*] gRPC Server Ready :58080 
2018/09/25 18:25:40.413 [I] [asm_amd64.s:2337]  http server Running on http://:8080
2018/09/25 18:25:41.410 [D] [main.go:72]  checking dir storage 
2018/09/25 18:25:41.410 [D] [main.go:78]  <nil> 
2018/09/25 18:25:41.412 [I] [base.go:125]  [*] gRPC Server Ready :58080 
2018/09/25 18:29:14.731 [I] [asm_amd64.s:2337]  http server Running on http://:8080
2018/09/25 18:29:15.728 [D] [main.go:72]  checking dir storage 
2018/09/25 18:29:15.728 [D] [main.go:78]  <nil> 
2018/09/25 18:29:15.729 [I] [base.go:125]  [*] gRPC Server Ready :58080 
2018/09/25 18:29:24.616 [I] [asm_amd64.s:2337]  http server Running on http://:8080
2018/09/25 18:29:25.613 [D] [main.go:72]  checking dir storage 
2018/09/25 18:29:25.613 [D] [main.go:78]  <nil> 
2018/09/25 18:29:25.615 [I] [base.go:125]  [*] gRPC Server Ready :58080 
2018/09/25 18:29:44.059 [I] [asm_amd64.s:2337]  http server Running on http://:8080
2018/09/25 18:29:45.054 [D] [main.go:72]  checking dir storage 
2018/09/25 18:29:45.054 [D] [main.go:78]  <nil> 
2018/09/25 18:29:45.057 [I] [base.go:125]  [*] gRPC Server Ready :58080 
2018/09/25 18:29:53.293 [I] [asm_amd64.s:2337]  http server Running on http://:8080
2018/09/25 18:29:54.289 [D] [main.go:72]  checking dir storage 
2018/09/25 18:29:54.290 [D] [main.go:78]  <nil> 
2018/09/25 18:29:54.292 [I] [base.go:125]  [*] gRPC Server Ready :58080 
2018/09/25 18:30:12.574 [I] [asm_amd64.s:2337]  http server Running on http://:8080
2018/09/25 18:30:13.571 [D] [main.go:72]  checking dir storage 
2018/09/25 18:30:13.571 [D] [main.go:78]  <nil> 
2018/09/25 18:30:13.574 [I] [base.go:125]  [*] gRPC Server Ready :58080 
2018/09/25 18:30:52.975 [D] [server.go:2619]  |      127.0.0.1|[43m 404 [0m|     16.613µs| nomatch|[44m GET     [0m /storages/tes.json
2018/09/25 18:31:05.912 [I] [asm_amd64.s:2337]  http server Running on http://:8080
2018/09/25 18:31:06.909 [D] [main.go:72]  checking dir storage 
2018/09/25 18:31:06.909 [D] [main.go:78]  <nil> 
2018/09/25 18:31:06.912 [I] [base.go:125]  [*] gRPC Server Ready :58080 
2018/09/25 18:31:07.474 [D] [server.go:2619]  |      127.0.0.1|[42m 200 [0m|    123.105µs|   match|[44m GET     [0m /storages/tes.json
2018/09/25 18:31:39.363 [I] [asm_amd64.s:2337]  http server Running on http://:8080
2018/09/25 18:31:40.358 [D] [main.go:72]  checking dir storage 
2018/09/25 18:31:40.358 [D] [main.go:78]  <nil> 
2018/09/25 18:31:40.360 [I] [base.go:125]  [*] gRPC Server Ready :58080 
2018/09/25 18:32:23.281 [I] [asm_amd64.s:2337]  http server Running on http://:8080
2018/09/25 18:32:24.275 [D] [main.go:72]  checking dir storage 
2018/09/25 18:32:24.275 [D] [main.go:78]  <nil> 
2018/09/25 18:32:24.276 [I] [base.go:125]  [*] gRPC Server Ready :58080 
2018/09/25 18:32:34.187 [I] [asm_amd64.s:2337]  http server Running on http://:8080
2018/09/25 18:32:35.184 [D] [main.go:72]  checking dir storage 
2018/09/25 18:32:35.184 [D] [main.go:78]  <nil> 
2018/09/25 18:32:35.187 [I] [base.go:125]  [*] gRPC Server Ready :58080 
2018/09/25 18:32:37.267 [D] [server.go:2619]  |      127.0.0.1|[42m 200 [0m|    104.939µs|   match|[44m GET     [0m /storages/tes.json
2018/09/25 18:34:39.014 [I] [asm_amd64.s:2337]  http server Running on http://:8080
2018/09/25 18:34:40.011 [D] [main.go:72]  checking dir storage 
2018/09/25 18:34:40.011 [D] [main.go:78]  <nil> 
2018/09/25 18:34:40.014 [I] [base.go:125]  [*] gRPC Server Ready :58080 
2018/09/25 18:40:58.423 [I] [asm_amd64.s:2337]  http server Running on http://:8080
2018/09/25 18:40:59.420 [D] [main.go:72]  checking dir storage 
2018/09/25 18:40:59.420 [D] [main.go:78]  <nil> 
2018/09/25 18:40:59.423 [I] [base.go:112]  [*] gRPC Server Ready :58080 
2018/09/25 18:41:42.853 [I] [asm_amd64.s:2337]  http server Running on http://:8080
2018/09/25 18:41:43.849 [D] [main.go:72]  checking dir storage 
2018/09/25 18:41:43.850 [D] [main.go:78]  <nil> 
2018/09/25 18:41:43.851 [I] [base.go:112]  [*] gRPC Server Ready :58080 
2018/09/25 18:45:51.539 [I] [asm_amd64.s:2337]  http server Running on http://:8080
2018/09/25 18:45:52.537 [D] [main.go:72]  checking dir storage 
2018/09/25 18:45:52.537 [D] [main.go:78]  <nil> 
2018/09/25 18:45:52.538 [I] [base.go:112]  [*] gRPC Server Ready :58080 
